<?xml version="1.0" encoding="UTF-8"?>
<!-- Generated by org.testng.reporters.JUnitXMLReporter -->
<testsuite ignored="0" hostname="DEMON-PC" failures="0" tests="4" name="Test" time="25.627" errors="0" timestamp="2024-09-06T18:15:54 IST">
  <testcase classname="testCases.TC001_SignupTest" name="verify_Signup" time="1.569"/>
  <testcase classname="testCases.TC002_LoginTest" name="verify_Login" time="1.838"/>
  <testcase classname="testCases.TC003_LogoutTest" name="verify_Logout" time="2.687"/>
  <testcase classname="testCases.TC004_AddnewcourseTest" name="add_new_course" time="3.62"/>
</testsuite> <!-- Test -->
