<?xml version="1.0" encoding="UTF-8"?>
<!-- Generated by org.testng.reporters.JUnitXMLReporter -->
<testsuite ignored="0" hostname="DEMON-PC" failures="0" tests="4" name="Test" time="142.302" errors="0" timestamp="2024-09-13T12:29:41 IST">
  <testcase classname="testCases.TC001_SignupTest" name="verify_Signup" time="9.792"/>
  <testcase classname="testCases.TC002_LoginTest" name="verify_Login" time="2.763"/>
  <testcase classname="testCases.TC003_LogoutTest" name="verify_Logout" time="5.715"/>
  <testcase classname="testCases.TC004_AddnewcourseTest" name="add_new_course" time="7.429"/>
</testsuite> <!-- Test -->
