<?xml version="1.0" encoding="UTF-8"?>
<testng-results ignored="0" total="4" passed="4" failed="0" skipped="0">
  <reporter-output>
  </reporter-output>
  <suite started-at="2024-09-06T18:15:28 IST" name="Master Suite" finished-at="2024-09-06T18:15:53 IST" duration-ms="25627">
    <groups>
    </groups>
    <test started-at="2024-09-06T18:15:28 IST" name="Test" finished-at="2024-09-06T18:15:53 IST" duration-ms="25627">
      <class name="testCases.TC001_SignupTest">
        <test-method is-config="true" signature="setUp()[pri:0, instance:testCases.TC001_SignupTest@13d73fa]" started-at="2024-09-06T18:15:28 IST" name="setUp" finished-at="2024-09-06T18:15:32 IST" duration-ms="4436" status="PASS">
          <reporter-output>
          </reporter-output>
        </test-method> <!-- setUp -->
        <test-method signature="verify_Signup()[pri:0, instance:testCases.TC001_SignupTest@13d73fa]" started-at="2024-09-06T18:15:32 IST" name="verify_Signup" finished-at="2024-09-06T18:15:34 IST" duration-ms="1569" status="PASS">
          <reporter-output>
          </reporter-output>
        </test-method> <!-- verify_Signup -->
        <test-method is-config="true" signature="tearDown()[pri:0, instance:testCases.TC001_SignupTest@13d73fa]" started-at="2024-09-06T18:15:34 IST" name="tearDown" finished-at="2024-09-06T18:15:34 IST" duration-ms="135" status="PASS">
          <reporter-output>
          </reporter-output>
        </test-method> <!-- tearDown -->
      </class> <!-- testCases.TC001_SignupTest -->
      <class name="testCases.TC002_LoginTest">
        <test-method is-config="true" signature="setUp()[pri:0, instance:testCases.TC002_LoginTest@7642df8f]" started-at="2024-09-06T18:15:34 IST" name="setUp" finished-at="2024-09-06T18:15:37 IST" duration-ms="3341" status="PASS">
          <reporter-output>
          </reporter-output>
        </test-method> <!-- setUp -->
        <test-method signature="verify_Login()[pri:0, instance:testCases.TC002_LoginTest@7642df8f]" started-at="2024-09-06T18:15:37 IST" name="verify_Login" finished-at="2024-09-06T18:15:39 IST" duration-ms="1838" status="PASS">
          <reporter-output>
          </reporter-output>
        </test-method> <!-- verify_Login -->
        <test-method is-config="true" signature="tearDown()[pri:0, instance:testCases.TC002_LoginTest@7642df8f]" started-at="2024-09-06T18:15:39 IST" name="tearDown" finished-at="2024-09-06T18:15:39 IST" duration-ms="165" status="PASS">
          <reporter-output>
          </reporter-output>
        </test-method> <!-- tearDown -->
      </class> <!-- testCases.TC002_LoginTest -->
      <class name="testCases.TC004_AddnewcourseTest">
        <test-method is-config="true" signature="setUp()[pri:0, instance:testCases.TC004_AddnewcourseTest@5cde6747]" started-at="2024-09-06T18:15:45 IST" name="setUp" finished-at="2024-09-06T18:15:49 IST" duration-ms="4065" status="PASS">
          <reporter-output>
          </reporter-output>
        </test-method> <!-- setUp -->
        <test-method signature="add_new_course()[pri:0, instance:testCases.TC004_AddnewcourseTest@5cde6747]" started-at="2024-09-06T18:15:49 IST" name="add_new_course" finished-at="2024-09-06T18:15:53 IST" duration-ms="3620" status="PASS">
          <reporter-output>
          </reporter-output>
        </test-method> <!-- add_new_course -->
        <test-method is-config="true" signature="tearDown()[pri:0, instance:testCases.TC004_AddnewcourseTest@5cde6747]" started-at="2024-09-06T18:15:53 IST" name="tearDown" finished-at="2024-09-06T18:15:53 IST" duration-ms="156" status="PASS">
          <reporter-output>
          </reporter-output>
        </test-method> <!-- tearDown -->
      </class> <!-- testCases.TC004_AddnewcourseTest -->
      <class name="testCases.TC003_LogoutTest">
        <test-method is-config="true" signature="setUp()[pri:0, instance:testCases.TC003_LogoutTest@3e30646a]" started-at="2024-09-06T18:15:39 IST" name="setUp" finished-at="2024-09-06T18:15:43 IST" duration-ms="3428" status="PASS">
          <reporter-output>
          </reporter-output>
        </test-method> <!-- setUp -->
        <test-method signature="verify_Logout()[pri:0, instance:testCases.TC003_LogoutTest@3e30646a]" started-at="2024-09-06T18:15:43 IST" name="verify_Logout" finished-at="2024-09-06T18:15:45 IST" duration-ms="2687" status="PASS">
          <reporter-output>
          </reporter-output>
        </test-method> <!-- verify_Logout -->
        <test-method is-config="true" signature="tearDown()[pri:0, instance:testCases.TC003_LogoutTest@3e30646a]" started-at="2024-09-06T18:15:45 IST" name="tearDown" finished-at="2024-09-06T18:15:45 IST" duration-ms="134" status="PASS">
          <reporter-output>
          </reporter-output>
        </test-method> <!-- tearDown -->
      </class> <!-- testCases.TC003_LogoutTest -->
    </test> <!-- Test -->
  </suite> <!-- Master Suite -->
</testng-results>
